0 info it worked if it ends with ok
1 verbose cli [ '/Users/ra/.nvm/versions/node/v4.6.2/bin/node',
1 verbose cli   '/Users/ra/.nvm/versions/node/v4.6.2/bin/npm',
1 verbose cli   'publish' ]
2 info using npm@2.15.11
3 info using node@v4.6.2
4 verbose publish [ '.' ]
5 silly cache add args [ '.', null ]
6 verbose cache add spec .
7 silly cache add parsed spec Result {
7 silly cache add   raw: '.',
7 silly cache add   scope: null,
7 silly cache add   name: null,
7 silly cache add   rawSpec: '.',
7 silly cache add   spec: '/Users/ra/Workspace/ra/control-tower/ct-oauth-plugin',
7 silly cache add   type: 'directory' }
8 verbose addLocalDirectory /Users/ra/.npm/ct-oauth-plugin/1.3.3/package.tgz not in flight; packing
9 verbose correctMkdir /Users/ra/.npm correctMkdir not in flight; initializing
10 verbose tar pack [ '/Users/ra/.npm/ct-oauth-plugin/1.3.3/package.tgz',
10 verbose tar pack   '/Users/ra/Workspace/ra/control-tower/ct-oauth-plugin' ]
11 verbose tarball /Users/ra/.npm/ct-oauth-plugin/1.3.3/package.tgz
12 verbose folder /Users/ra/Workspace/ra/control-tower/ct-oauth-plugin
13 info prepublish ct-oauth-plugin@1.3.3
14 verbose addLocalTarball adding from inside cache /Users/ra/.npm/ct-oauth-plugin/1.3.3/package.tgz
15 verbose correctMkdir /Users/ra/.npm correctMkdir not in flight; initializing
16 silly cache afterAdd ct-oauth-plugin@1.3.3
17 verbose afterAdd /Users/ra/.npm/ct-oauth-plugin/1.3.3/package/package.json not in flight; writing
18 verbose correctMkdir /Users/ra/.npm correctMkdir not in flight; initializing
19 verbose afterAdd /Users/ra/.npm/ct-oauth-plugin/1.3.3/package/package.json written
20 silly publish { name: 'ct-oauth-plugin',
20 silly publish   version: '1.3.3',
20 silly publish   description: '',
20 silly publish   main: 'index.js',
20 silly publish   scripts: { test: 'echo "Error: no test specified" && exit 1' },
20 silly publish   keywords: [],
20 silly publish   author: '',
20 silly publish   license: 'ISC',
20 silly publish   dependencies:
20 silly publish    { bcrypt: '^0.8.7',
20 silly publish      bluebird: '^3.4.1',
20 silly publish      debug: '^2.2.0',
20 silly publish      ejs: '^2.4.2',
20 silly publish      jsonwebtoken: '^7.1.7',
20 silly publish      'koa-jwt': '^2.0.1',
20 silly publish      'koa-passport': '^2.1.1',
20 silly publish      'koa-router': '^7.0.1',
20 silly publish      'koa-views': '^5.0.2',
20 silly publish      mongoose: '^4.5.3',
20 silly publish      'passport-facebook': '^2.1.1',
20 silly publish      'passport-google-oauth': '^1.0.0',
20 silly publish      'passport-http': '^0.3.0',
20 silly publish      'passport-local': '^1.0.0',
20 silly publish      'passport-twitter': '^1.0.4',
20 silly publish      sparkpost: '^1.3.7' },
20 silly publish   devDependencies:
20 silly publish    { 'babel-eslint': '^6.1.0',
20 silly publish      'eslint-plugin-import': '^1.8.1',
20 silly publish      'eslint-plugin-jsx-a11y': '^1.5.3',
20 silly publish      'eslint-plugin-react': '^5.2.2',
20 silly publish      eslint: '^2.12.0',
20 silly publish      'eslint-config-airbnb': '^9.0.1' },
20 silly publish   readme: '# Oauth plugin to Control tower api-gateway\n',
20 silly publish   readmeFilename: 'README.md',
20 silly publish   gitHead: 'e050426f9faa6890b912bc5035768d7e00c75ae2',
20 silly publish   _id: 'ct-oauth-plugin@1.3.3',
20 silly publish   _shasum: '6474f6fd48af52007bb1e2ed8f04826e2a2d8425',
20 silly publish   _from: '.' }
21 verbose getPublishConfig undefined
22 silly mapToRegistry name ct-oauth-plugin
23 silly mapToRegistry using default registry
24 silly mapToRegistry registry https://registry.npmjs.org/
25 silly mapToRegistry data Result {
25 silly mapToRegistry   raw: 'ct-oauth-plugin',
25 silly mapToRegistry   scope: null,
25 silly mapToRegistry   name: 'ct-oauth-plugin',
25 silly mapToRegistry   rawSpec: '',
25 silly mapToRegistry   spec: 'latest',
25 silly mapToRegistry   type: 'tag' }
26 silly mapToRegistry uri https://registry.npmjs.org/ct-oauth-plugin
27 verbose publish registryBase https://registry.npmjs.org/
28 silly publish uploading /Users/ra/.npm/ct-oauth-plugin/1.3.3/package.tgz
29 verbose request uri https://registry.npmjs.org/ct-oauth-plugin
30 verbose request sending authorization for write operation
31 info attempt registry request try #1 at 12:06:53 PM
32 verbose request using bearer token for auth
33 verbose request id c358d6927d0924b4
34 http request PUT https://registry.npmjs.org/ct-oauth-plugin
35 http 403 https://registry.npmjs.org/ct-oauth-plugin
36 verbose headers { 'content-type': 'application/json',
36 verbose headers   'cache-control': 'max-age=300',
36 verbose headers   'content-length': '95',
36 verbose headers   'accept-ranges': 'bytes',
36 verbose headers   date: 'Mon, 14 Nov 2016 11:06:55 GMT',
36 verbose headers   via: '1.1 varnish',
36 verbose headers   connection: 'keep-alive',
36 verbose headers   'x-served-by': 'cache-lcy1143-LCY',
36 verbose headers   'x-cache': 'MISS',
36 verbose headers   'x-cache-hits': '0',
36 verbose headers   'x-timer': 'S1479121614.014272,VS0,VE1048',
36 verbose headers   vary: 'Accept-Encoding' }
37 verbose request invalidating /Users/ra/.npm/registry.npmjs.org/ct-oauth-plugin on PUT
38 error publish Failed PUT 403
39 verbose stack Error: "You cannot publish over the previously published version 1.3.3." : ct-oauth-plugin
39 verbose stack     at makeError (/Users/ra/.nvm/versions/node/v4.6.2/lib/node_modules/npm/node_modules/npm-registry-client/lib/request.js:302:12)
39 verbose stack     at CachingRegistryClient.<anonymous> (/Users/ra/.nvm/versions/node/v4.6.2/lib/node_modules/npm/node_modules/npm-registry-client/lib/request.js:290:14)
39 verbose stack     at Request._callback (/Users/ra/.nvm/versions/node/v4.6.2/lib/node_modules/npm/node_modules/npm-registry-client/lib/request.js:210:14)
39 verbose stack     at Request.self.callback (/Users/ra/.nvm/versions/node/v4.6.2/lib/node_modules/npm/node_modules/request/request.js:187:22)
39 verbose stack     at emitTwo (events.js:87:13)
39 verbose stack     at Request.emit (events.js:172:7)
39 verbose stack     at Request.<anonymous> (/Users/ra/.nvm/versions/node/v4.6.2/lib/node_modules/npm/node_modules/request/request.js:1044:10)
39 verbose stack     at emitOne (events.js:77:13)
39 verbose stack     at Request.emit (events.js:169:7)
39 verbose stack     at IncomingMessage.<anonymous> (/Users/ra/.nvm/versions/node/v4.6.2/lib/node_modules/npm/node_modules/request/request.js:965:12)
40 verbose statusCode 403
41 verbose pkgid ct-oauth-plugin
42 verbose cwd /Users/ra/Workspace/ra/control-tower/ct-oauth-plugin
43 error Darwin 16.0.0
44 error argv "/Users/ra/.nvm/versions/node/v4.6.2/bin/node" "/Users/ra/.nvm/versions/node/v4.6.2/bin/npm" "publish"
45 error node v4.6.2
46 error npm  v2.15.11
47 error code E403
48 error "You cannot publish over the previously published version 1.3.3." : ct-oauth-plugin
49 error If you need help, you may report this error at:
49 error     <https://github.com/npm/npm/issues>
50 verbose exit [ 1, true ]
